10:46:53 **** Incremental Build of configuration Debug for project Fuck ****
make all 
Building file: ../Src/Main.c
Invoking: AVR Compiler
avr-gcc -I"D:\sisoog\Sisoog Editor\Sisoog_ide\avr8-gnu-toolchain\avr\include" -Wall -g2 -gstabs -O0 -fpack-struct -fshort-enums -ffunction-sections -fdata-sections -std=gnu99 -funsigned-char -funsigned-bitfields -mmcu=atmega16 -DF_CPU=1000000UL -MMD -MP -MF"Src/Main.d" -MT"Src/Main.o" -c -o "Src/Main.o" "../Src/Main.c"
In file included from ../Src/Main.c:8:
D:\sisoog\Sisoog Editor\Sisoog_ide\avr8-gnu-toolchain\avr\include/util/delay.h:112:3: warning: #warning "Compiler optimizations disabled; functions from <util/delay.h> won't work as designed"
Finished building: ../Src/Main.c
 
Building target: Fuck.elf
Invoking: AVR C Linker
avr-gcc -Wl,-Map,Fuck.map -mmcu=atmega16 -o "Fuck.elf"  ./Src/Main.o   
Finished building target: Fuck.elf
 
Invoking: AVR Create Extended Listing
avr-objdump -h -S Fuck.elf  >"Fuck.lss"
Finished building: Fuck.lss
 
Invoking: Print Size
avr-size --format=avr --mcu=atmega16 Fuck.elf
AVR Memory Usage
----------------
Device: atmega16

Program:     138 bytes (0.8% Full)
(.text + .data + .bootloader)

Data:          0 bytes (0.0% Full)
(.data + .bss + .noinit)


Finished building: sizedummy
 

10:46:54 Build Finished (took 327ms)

